This is pdfTeX, Version 3.141592653-2.6-1.40.22 (TeX Live 2022/dev/Debian) (preloaded format=pdflatex 2025.4.21)  1 OCT 2025 22:23
entering extended mode
 restricted \write18 enabled.
 %&-line parsing enabled.
**26024284RW441assignment3.tex
(./26024284RW441assignment3.tex
LaTeX2e <2021-11-15> patch level 1
L3 programming layer <2022-01-21> (./IEEEtran.cls
Document Class: IEEEtran 2015/08/26 V1.8b by Michael Shell
-- See the "IEEEtran_HOWTO" manual for usage information.
-- http://www.michaelshell.org/tex/ieeetran/
\@IEEEtrantmpdimenA=\dimen138
\@IEEEtrantmpdimenB=\dimen139
\@IEEEtrantmpdimenC=\dimen140
\@IEEEtrantmpcountA=\count185
\@IEEEtrantmpcountB=\count186
\@IEEEtrantmpcountC=\count187
\@IEEEtrantmptoksA=\toks16
LaTeX Font Info:    Trying to load font information for OT1+ptm on input line 5
03.
(/usr/share/texlive/texmf-dist/tex/latex/psnfss/ot1ptm.fd
File: ot1ptm.fd 2001/06/04 font definitions for OT1/ptm.
)
-- Using 8.5in x 11in (letter) paper.
-- Using PDF output.
\@IEEEnormalsizeunitybaselineskip=\dimen141
-- This is a 10 point document.
\CLASSINFOnormalsizebaselineskip=\dimen142
\CLASSINFOnormalsizeunitybaselineskip=\dimen143
\IEEEnormaljot=\dimen144
LaTeX Font Info:    Font shape `OT1/ptm/bx/n' in size <5> not available
(Font)              Font shape `OT1/ptm/b/n' tried instead on input line 1090.
LaTeX Font Info:    Font shape `OT1/ptm/bx/it' in size <5> not available
(Font)              Font shape `OT1/ptm/b/it' tried instead on input line 1090.

LaTeX Font Info:    Font shape `OT1/ptm/bx/n' in size <7> not available
(Font)              Font shape `OT1/ptm/b/n' tried instead on input line 1090.
LaTeX Font Info:    Font shape `OT1/ptm/bx/it' in size <7> not available
(Font)              Font shape `OT1/ptm/b/it' tried instead on input line 1090.

LaTeX Font Info:    Font shape `OT1/ptm/bx/n' in size <8> not available
(Font)              Font shape `OT1/ptm/b/n' tried instead on input line 1090.
LaTeX Font Info:    Font shape `OT1/ptm/bx/it' in size <8> not available
(Font)              Font shape `OT1/ptm/b/it' tried instead on input line 1090.

LaTeX Font Info:    Font shape `OT1/ptm/bx/n' in size <9> not available
(Font)              Font shape `OT1/ptm/b/n' tried instead on input line 1090.
LaTeX Font Info:    Font shape `OT1/ptm/bx/it' in size <9> not available
(Font)              Font shape `OT1/ptm/b/it' tried instead on input line 1090.

LaTeX Font Info:    Font shape `OT1/ptm/bx/n' in size <10> not available
(Font)              Font shape `OT1/ptm/b/n' tried instead on input line 1090.
LaTeX Font Info:    Font shape `OT1/ptm/bx/it' in size <10> not available
(Font)              Font shape `OT1/ptm/b/it' tried instead on input line 1090.

LaTeX Font Info:    Font shape `OT1/ptm/bx/n' in size <11> not available
(Font)              Font shape `OT1/ptm/b/n' tried instead on input line 1090.
LaTeX Font Info:    Font shape `OT1/ptm/bx/it' in size <11> not available
(Font)              Font shape `OT1/ptm/b/it' tried instead on input line 1090.

LaTeX Font Info:    Font shape `OT1/ptm/bx/n' in size <12> not available
(Font)              Font shape `OT1/ptm/b/n' tried instead on input line 1090.
LaTeX Font Info:    Font shape `OT1/ptm/bx/it' in size <12> not available
(Font)              Font shape `OT1/ptm/b/it' tried instead on input line 1090.

LaTeX Font Info:    Font shape `OT1/ptm/bx/n' in size <17> not available
(Font)              Font shape `OT1/ptm/b/n' tried instead on input line 1090.
LaTeX Font Info:    Font shape `OT1/ptm/bx/it' in size <17> not available
(Font)              Font shape `OT1/ptm/b/it' tried instead on input line 1090.

LaTeX Font Info:    Font shape `OT1/ptm/bx/n' in size <20> not available
(Font)              Font shape `OT1/ptm/b/n' tried instead on input line 1090.
LaTeX Font Info:    Font shape `OT1/ptm/bx/it' in size <20> not available
(Font)              Font shape `OT1/ptm/b/it' tried instead on input line 1090.

LaTeX Font Info:    Font shape `OT1/ptm/bx/n' in size <24> not available
(Font)              Font shape `OT1/ptm/b/n' tried instead on input line 1090.
LaTeX Font Info:    Font shape `OT1/ptm/bx/it' in size <24> not available
(Font)              Font shape `OT1/ptm/b/it' tried instead on input line 1090.

\IEEEquantizedlength=\dimen145
\IEEEquantizedlengthdiff=\dimen146
\IEEEquantizedtextheightdiff=\dimen147
\IEEEilabelindentA=\dimen148
\IEEEilabelindentB=\dimen149
\IEEEilabelindent=\dimen150
\IEEEelabelindent=\dimen151
\IEEEdlabelindent=\dimen152
\IEEElabelindent=\dimen153
\IEEEiednormlabelsep=\dimen154
\IEEEiedmathlabelsep=\dimen155
\IEEEiedtopsep=\skip47
\c@section=\count188
\c@subsection=\count189
\c@subsubsection=\count190
\c@paragraph=\count191
\c@IEEEsubequation=\count192
\abovecaptionskip=\skip48
\belowcaptionskip=\skip49
\c@figure=\count193
\c@table=\count194
\@IEEEeqnnumcols=\count195
\@IEEEeqncolcnt=\count196
\@IEEEsubeqnnumrollback=\count197
\@IEEEquantizeheightA=\dimen156
\@IEEEquantizeheightB=\dimen157
\@IEEEquantizeheightC=\dimen158
\@IEEEquantizeprevdepth=\dimen159
\@IEEEquantizemultiple=\count198
\@IEEEquantizeboxA=\box50
\@IEEEtmpitemindent=\dimen160
\IEEEPARstartletwidth=\dimen161
\c@IEEEbiography=\count199
\@IEEEtranrubishbin=\box51
) (/usr/share/texlive/texmf-dist/tex/latex/cite/cite.sty
LaTeX Info: Redefining \cite on input line 302.
LaTeX Info: Redefining \nocite on input line 332.
Package: cite 2015/02/27  v 5.5
)
(/usr/share/texlive/texmf-dist/tex/latex/amsmath/amsmath.sty
Package: amsmath 2021/10/15 v2.17l AMS math features
\@mathmargin=\skip50

For additional information on amsmath, use the `?' option.
(/usr/share/texlive/texmf-dist/tex/latex/amsmath/amstext.sty
Package: amstext 2021/08/26 v2.01 AMS text

(/usr/share/texlive/texmf-dist/tex/latex/amsmath/amsgen.sty
File: amsgen.sty 1999/11/30 v2.0 generic functions
\@emptytoks=\toks17
\ex@=\dimen162
))
(/usr/share/texlive/texmf-dist/tex/latex/amsmath/amsbsy.sty
Package: amsbsy 1999/11/29 v1.2d Bold Symbols
\pmbraise@=\dimen163
)
(/usr/share/texlive/texmf-dist/tex/latex/amsmath/amsopn.sty
Package: amsopn 2021/08/26 v2.02 operator names
)
\inf@bad=\count266
LaTeX Info: Redefining \frac on input line 234.
\uproot@=\count267
\leftroot@=\count268
LaTeX Info: Redefining \overline on input line 399.
\classnum@=\count269
\DOTSCASE@=\count270
LaTeX Info: Redefining \ldots on input line 496.
LaTeX Info: Redefining \dots on input line 499.
LaTeX Info: Redefining \cdots on input line 620.
\Mathstrutbox@=\box52
\strutbox@=\box53
\big@size=\dimen164
LaTeX Font Info:    Redeclaring font encoding OML on input line 743.
LaTeX Font Info:    Redeclaring font encoding OMS on input line 744.
\macc@depth=\count271
\c@MaxMatrixCols=\count272
\dotsspace@=\muskip16
\c@parentequation=\count273
\dspbrk@lvl=\count274
\tag@help=\toks18
\row@=\count275
\column@=\count276
\maxfields@=\count277
\andhelp@=\toks19
\eqnshift@=\dimen165
\alignsep@=\dimen166
\tagshift@=\dimen167
\tagwidth@=\dimen168
\totwidth@=\dimen169
\lineht@=\dimen170
\@envbody=\toks20
\multlinegap=\skip51
\multlinetaggap=\skip52
\mathdisplay@stack=\toks21
LaTeX Info: Redefining \[ on input line 2938.
LaTeX Info: Redefining \] on input line 2939.
)
(/usr/share/texlive/texmf-dist/tex/latex/amsfonts/amssymb.sty
Package: amssymb 2013/01/14 v3.01 AMS font symbols

(/usr/share/texlive/texmf-dist/tex/latex/amsfonts/amsfonts.sty
Package: amsfonts 2013/01/14 v3.01 Basic AMSFonts support
\symAMSa=\mathgroup4
\symAMSb=\mathgroup5
LaTeX Font Info:    Redeclaring math symbol \hbar on input line 98.
LaTeX Font Info:    Overwriting math alphabet `\mathfrak' in version `bold'
(Font)                  U/euf/m/n --> U/euf/b/n on input line 106.
))
(/usr/share/texlive/texmf-dist/tex/latex/algorithms/algorithm.sty
Package: algorithm 2009/08/24 v0.1 Document Style `algorithm' - floating enviro
nment

(/usr/share/texlive/texmf-dist/tex/latex/float/float.sty
Package: float 2001/11/08 v1.3d Float enhancements (AL)
\c@float@type=\count278
\float@exts=\toks22
\float@box=\box54
\@float@everytoks=\toks23
\@floatcapt=\box55
)
(/usr/share/texlive/texmf-dist/tex/latex/base/ifthen.sty
Package: ifthen 2020/11/24 v1.1c Standard LaTeX ifthen package (DPC)
)
\@float@every@algorithm=\toks24
\c@algorithm=\count279
)
(/usr/share/texlive/texmf-dist/tex/latex/algorithmicx/algorithmicx.sty
Package: algorithmicx 2005/04/27 v1.2 Algorithmicx

Document Style algorithmicx 1.2 - a greatly improved `algorithmic' style
\c@ALG@line=\count280
\c@ALG@rem=\count281
\c@ALG@nested=\count282
\ALG@tlm=\skip53
\ALG@thistlm=\skip54
\c@ALG@Lnr=\count283
\c@ALG@blocknr=\count284
\c@ALG@storecount=\count285
\c@ALG@tmpcounter=\count286
\ALG@tmplength=\skip55
) (/usr/share/texlive/texmf-dist/tex/latex/algorithmicx/algpseudocode.sty
Package: algpseudocode 

Document Style - pseudocode environments for use with the `algorithmicx' style
) (/usr/share/texlive/texmf-dist/tex/latex/graphics/graphicx.sty
Package: graphicx 2021/09/16 v1.2d Enhanced LaTeX Graphics (DPC,SPQR)

(/usr/share/texlive/texmf-dist/tex/latex/graphics/keyval.sty
Package: keyval 2014/10/28 v1.15 key=value parser (DPC)
\KV@toks@=\toks25
)
(/usr/share/texlive/texmf-dist/tex/latex/graphics/graphics.sty
Package: graphics 2021/03/04 v1.4d Standard LaTeX Graphics (DPC,SPQR)

(/usr/share/texlive/texmf-dist/tex/latex/graphics/trig.sty
Package: trig 2021/08/11 v1.11 sin cos tan (DPC)
)
(/usr/share/texlive/texmf-dist/tex/latex/graphics-cfg/graphics.cfg
File: graphics.cfg 2016/06/04 v1.11 sample graphics configuration
)
Package graphics Info: Driver file: pdftex.def on input line 107.

(/usr/share/texlive/texmf-dist/tex/latex/graphics-def/pdftex.def
File: pdftex.def 2020/10/05 v1.2a Graphics/color driver for pdftex
))
\Gin@req@height=\dimen171
\Gin@req@width=\dimen172
)
(/usr/share/texlive/texmf-dist/tex/latex/base/textcomp.sty
Package: textcomp 2020/02/02 v2.0n Standard LaTeX package
)
(/usr/share/texlive/texmf-dist/tex/latex/xcolor/xcolor.sty
Package: xcolor 2021/10/31 v2.13 LaTeX color extensions (UK)

(/usr/share/texlive/texmf-dist/tex/latex/graphics-cfg/color.cfg
File: color.cfg 2016/01/02 v1.6 sample color configuration
)
Package xcolor Info: Driver file: pdftex.def on input line 227.
Package xcolor Info: Model `cmy' substituted by `cmy0' on input line 1352.
Package xcolor Info: Model `hsb' substituted by `rgb' on input line 1356.
Package xcolor Info: Model `RGB' extended on input line 1368.
Package xcolor Info: Model `HTML' substituted by `rgb' on input line 1370.
Package xcolor Info: Model `Hsb' substituted by `hsb' on input line 1371.
Package xcolor Info: Model `tHsb' substituted by `hsb' on input line 1372.
Package xcolor Info: Model `HSB' substituted by `hsb' on input line 1373.
Package xcolor Info: Model `Gray' substituted by `gray' on input line 1374.
Package xcolor Info: Model `wave' substituted by `hsb' on input line 1375.
)
(/usr/share/texlive/texmf-dist/tex/latex/tools/array.sty
Package: array 2021/10/04 v2.5f Tabular extension package (FMi)
\col@sep=\dimen173
\ar@mcellbox=\box56
\extrarowheight=\dimen174
\NC@list=\toks26
\extratabsurround=\skip56
\backup@length=\skip57
\ar@cellbox=\box57
)
(/usr/share/texlive/texmf-dist/tex/latex/multirow/multirow.sty
Package: multirow 2021/03/15 v2.8 Span multiple rows of a table
\multirow@colwidth=\skip58
\multirow@cntb=\count287
\multirow@dima=\skip59
\bigstrutjot=\dimen175
)
(/usr/share/texlive/texmf-dist/tex/latex/subfig/subfig.sty
Package: subfig 2005/06/28 ver: 1.3 subfig package

(/usr/share/texlive/texmf-dist/tex/latex/caption/caption3.sty
Package: caption3 2020/10/21 v2.2e caption3 kernel (AR)
\captionmargin=\dimen176
\captionmargin@=\dimen177
\captionwidth=\dimen178
\caption@tempdima=\dimen179
\caption@indent=\dimen180
\caption@parindent=\dimen181
\caption@hangindent=\dimen182
Package caption Info: Unknown document class (or package),
(caption)             standard defaults will be used.
Package caption Info: \@makecaption = \long macro:#1#2->\ifx \@captype \@IEEEta
blestring \footnotesize \bgroup \par \centering \@IEEEtabletopskipstrut {\norma
lfont \footnotesize #1}\\{\normalfont \footnotesize \scshape #2}\par \addvspace
 {0.5\baselineskip }\egroup \@IEEEtablecaptionsepspace \else \@IEEEfigurecaptio
nsepspace \setbox \@tempboxa \hbox {\normalfont \footnotesize {#1.}\nobreakspac
e \nobreakspace #2}\ifdim \wd \@tempboxa >\hsize \setbox \@tempboxa \hbox {\nor
malfont \footnotesize {#1.}\nobreakspace \nobreakspace }\parbox [t]{\hsize }{\n
ormalfont \footnotesize \noindent \unhbox \@tempboxa #2}\else \ifCLASSOPTIONcon
ference \hbox to\hsize {\normalfont \footnotesize \hfil \box \@tempboxa \hfil }
\else \hbox to\hsize {\normalfont \footnotesize \box \@tempboxa \hfil }\fi \fi 
\fi  on input line 1139.
)
\c@KVtest=\count288
\sf@farskip=\skip60
\sf@captopadj=\dimen183
\sf@capskip=\skip61
\sf@nearskip=\skip62
\c@subfigure=\count289
\c@subfigure@save=\count290
\c@lofdepth=\count291
\c@subtable=\count292
\c@subtable@save=\count293
\c@lotdepth=\count294
\sf@top=\skip63
\sf@bottom=\skip64
)
(/usr/share/texlive/texmf-dist/tex/latex/l3backend/l3backend-pdftex.def
File: l3backend-pdftex.def 2022-01-12 L3 backend support: PDF output (pdfTeX)
\l__color_backend_stack_int=\count295
\l__pdf_internal_box=\box58
)
(./26024284RW441assignment3.aux)
\openout1 = `26024284RW441assignment3.aux'.

LaTeX Font Info:    Checking defaults for OML/cmm/m/it on input line 19.
LaTeX Font Info:    ... okay on input line 19.
LaTeX Font Info:    Checking defaults for OMS/cmsy/m/n on input line 19.
LaTeX Font Info:    ... okay on input line 19.
LaTeX Font Info:    Checking defaults for OT1/cmr/m/n on input line 19.
LaTeX Font Info:    ... okay on input line 19.
LaTeX Font Info:    Checking defaults for T1/cmr/m/n on input line 19.
LaTeX Font Info:    ... okay on input line 19.
LaTeX Font Info:    Checking defaults for TS1/cmr/m/n on input line 19.
LaTeX Font Info:    ... okay on input line 19.
LaTeX Font Info:    Checking defaults for OMX/cmex/m/n on input line 19.
LaTeX Font Info:    ... okay on input line 19.
LaTeX Font Info:    Checking defaults for U/cmr/m/n on input line 19.
LaTeX Font Info:    ... okay on input line 19.

-- Lines per column: 56 (exact).
(/usr/share/texlive/texmf-dist/tex/context/base/mkii/supp-pdf.mkii
[Loading MPS to PDF converter (version 2006.09.02).]
\scratchcounter=\count296
\scratchdimen=\dimen184
\scratchbox=\box59
\nofMPsegments=\count297
\nofMParguments=\count298
\everyMPshowfont=\toks27
\MPscratchCnt=\count299
\MPscratchDim=\dimen185
\MPnumerator=\count300
\makeMPintoPDFobject=\count301
\everyMPtoPDFconversion=\toks28
) (/usr/share/texlive/texmf-dist/tex/latex/epstopdf-pkg/epstopdf-base.sty
Package: epstopdf-base 2020-01-24 v2.11 Base part for package epstopdf
Package epstopdf-base Info: Redefining graphics rule for `.eps' on input line 4
85.

(/usr/share/texlive/texmf-dist/tex/latex/latexconfig/epstopdf-sys.cfg
File: epstopdf-sys.cfg 2010/07/13 v1.3 Configuration of (r)epstopdf for TeX Liv
e
))
Package caption Info: Begin \AtBeginDocument code.
Package caption Info: subfig package v1.3 is loaded.
Package caption Info: End \AtBeginDocument code.
LaTeX Font Info:    Trying to load font information for U+msa on input line 47.


(/usr/share/texlive/texmf-dist/tex/latex/amsfonts/umsa.fd
File: umsa.fd 2013/01/14 v3.01 AMS symbols A
)
LaTeX Font Info:    Trying to load font information for U+msb on input line 47.


(/usr/share/texlive/texmf-dist/tex/latex/amsfonts/umsb.fd
File: umsb.fd 2013/01/14 v3.01 AMS symbols B
) [1{/var/lib/texmf/fonts/map/pdftex/updmap/pdftex.map}


] [2]
Underfull \hbox (badness 10000) in paragraph at lines 130--131
[]\OT1/ptm/m/n/10 The new sub-set of train-ing data $\OML/cmm/m/it/10 D[] \OT1/
cmr/m/n/10 =
 []


Underfull \hbox (badness 10000) in paragraph at lines 134--138

 []

[3] [4]
LaTeX Font Info:    Trying to load font information for OT1+pcr on input line 2
01.
 (/usr/share/texlive/texmf-dist/tex/latex/psnfss/ot1pcr.fd
File: ot1pcr.fd 2001/06/04 font definitions for OT1/pcr.
)
Underfull \vbox (badness 10000) has occurred while \output is active []


Overfull \hbox (1.1008pt too wide) in paragraph at lines 217--229
 [][] 
 []

[5] [6]
<plots/classification_boxplots.pdf, id=37, 500.3404pt x 198.0198pt>
File: plots/classification_boxplots.pdf Graphic file (type pdf)
<use plots/classification_boxplots.pdf>
Package pdftex.def Info: plots/classification_boxplots.pdf  used on input line 
315.
(pdftex.def)             Requested size: 252.0pt x 99.73482pt.
<plots/regression_boxplots.pdf, id=38, 500.72581pt x 198.0198pt>
File: plots/regression_boxplots.pdf Graphic file (type pdf)
<use plots/regression_boxplots.pdf>
Package pdftex.def Info: plots/regression_boxplots.pdf  used on input line 324.

(pdftex.def)             Requested size: 252.0pt x 99.65627pt.
<plots/breast_cancer_uncertainty_sampling.pdf, id=39, 222.35713pt x 162.07031pt
>
File: plots/breast_cancer_uncertainty_sampling.pdf Graphic file (type pdf)
<use plots/breast_cancer_uncertainty_sampling.pdf>
Package pdftex.def Info: plots/breast_cancer_uncertainty_sampling.pdf  used on 
input line 336.
(pdftex.def)             Requested size: 113.39923pt x 82.65475pt.
<plots/mobile_pricing_uncertainty_sampling.pdf, id=40, 222.35713pt x 162.07031p
t>
File: plots/mobile_pricing_uncertainty_sampling.pdf Graphic file (type pdf)
<use plots/mobile_pricing_uncertainty_sampling.pdf>
Package pdftex.def Info: plots/mobile_pricing_uncertainty_sampling.pdf  used on
 input line 341.
(pdftex.def)             Requested size: 113.39923pt x 82.65475pt.
<plots/letter_recognition_uncertainty_sampling.pdf, id=41, 222.35713pt x 162.07
031pt>
File: plots/letter_recognition_uncertainty_sampling.pdf Graphic file (type pdf)

<use plots/letter_recognition_uncertainty_sampling.pdf>
Package pdftex.def Info: plots/letter_recognition_uncertainty_sampling.pdf  use
d on input line 346.
(pdftex.def)             Requested size: 113.39923pt x 82.65475pt.
<plots/boston_housing_uncertainty_sampling.pdf, id=42, 222.35713pt x 162.07031p
t>
File: plots/boston_housing_uncertainty_sampling.pdf Graphic file (type pdf)
<use plots/boston_housing_uncertainty_sampling.pdf>
Package pdftex.def Info: plots/boston_housing_uncertainty_sampling.pdf  used on
 input line 351.
(pdftex.def)             Requested size: 113.39923pt x 82.65475pt.
<plots/concrete_strength_uncertainty_sampling.pdf, id=43, 222.42442pt x 162.070
31pt>
File: plots/concrete_strength_uncertainty_sampling.pdf Graphic file (type pdf)
<use plots/concrete_strength_uncertainty_sampling.pdf>
Package pdftex.def Info: plots/concrete_strength_uncertainty_sampling.pdf  used
 on input line 356.
(pdftex.def)             Requested size: 113.39923pt x 82.62755pt.
<plots/abalone_age_uncertainty_sampling.pdf, id=44, 222.35713pt x 162.07031pt>
File: plots/abalone_age_uncertainty_sampling.pdf Graphic file (type pdf)
<use plots/abalone_age_uncertainty_sampling.pdf>
Package pdftex.def Info: plots/abalone_age_uncertainty_sampling.pdf  used on in
put line 361.
(pdftex.def)             Requested size: 113.39923pt x 82.65475pt.
 [7 <./plots/classification_boxplots.pdf> <./plots/regression_boxplots.pdf> <./
plots/breast_cancer_uncertainty_sampling.pdf> <./plots/mobile_pricing_uncertain
ty_sampling.pdf> <./plots/letter_recognition_uncertainty_sampling.pdf> <./plots
/boston_housing_uncertainty_sampling.pdf> <./plots/concrete_strength_uncertaint
y_sampling.pdf> <./plots/abalone_age_uncertainty_sampling.pdf>]
<plots/breast_cancer_sasla_selection.pdf, id=153, 222.35713pt x 162.70992pt>
File: plots/breast_cancer_sasla_selection.pdf Graphic file (type pdf)
<use plots/breast_cancer_sasla_selection.pdf>
Package pdftex.def Info: plots/breast_cancer_sasla_selection.pdf  used on input
 line 374.
(pdftex.def)             Requested size: 113.39923pt x 82.98096pt.
<plots/mobile_pricing_sasla_selection.pdf, id=154, 223.50719pt x 162.18523pt>
File: plots/mobile_pricing_sasla_selection.pdf Graphic file (type pdf)
<use plots/mobile_pricing_sasla_selection.pdf>
Package pdftex.def Info: plots/mobile_pricing_sasla_selection.pdf  used on inpu
t line 379.
(pdftex.def)             Requested size: 113.39923pt x 82.2877pt.
<plots/letter_recognition_sasla_selection.pdf, id=155, 224.10303pt x 162.18523p
t>
File: plots/letter_recognition_sasla_selection.pdf Graphic file (type pdf)
<use plots/letter_recognition_sasla_selection.pdf>
Package pdftex.def Info: plots/letter_recognition_sasla_selection.pdf  used on 
input line 384.
(pdftex.def)             Requested size: 113.39923pt x 82.06744pt.
<plots/boston_housing_sasla_selection.pdf, id=156, 222.35713pt x 162.07031pt>
File: plots/boston_housing_sasla_selection.pdf Graphic file (type pdf)
<use plots/boston_housing_sasla_selection.pdf>
Package pdftex.def Info: plots/boston_housing_sasla_selection.pdf  used on inpu
t line 389.
(pdftex.def)             Requested size: 113.39923pt x 82.65475pt.
<plots/concrete_strength_sasla_selection.pdf, id=157, 222.35713pt x 162.07031pt
>
File: plots/concrete_strength_sasla_selection.pdf Graphic file (type pdf)
<use plots/concrete_strength_sasla_selection.pdf>
Package pdftex.def Info: plots/concrete_strength_sasla_selection.pdf  used on i
nput line 394.
(pdftex.def)             Requested size: 113.39923pt x 82.65475pt.
<plots/abalone_age_sasla_selection.pdf, id=158, 222.35713pt x 162.07031pt>
File: plots/abalone_age_sasla_selection.pdf Graphic file (type pdf)
<use plots/abalone_age_sasla_selection.pdf>
Package pdftex.def Info: plots/abalone_age_sasla_selection.pdf  used on input l
ine 399.
(pdftex.def)             Requested size: 113.39923pt x 82.65475pt.
<plots/classification_critical_difference.pdf, id=159, 319.02975pt x 198.68375p
t>
File: plots/classification_critical_difference.pdf Graphic file (type pdf)
<use plots/classification_critical_difference.pdf>
Package pdftex.def Info: plots/classification_critical_difference.pdf  used on 
input line 442.
(pdftex.def)             Requested size: 252.0pt x 156.94327pt.
<plots/regression_critical_difference.pdf, id=160, 319.02975pt x 198.68375pt>
File: plots/regression_critical_difference.pdf Graphic file (type pdf)
<use plots/regression_critical_difference.pdf>
Package pdftex.def Info: plots/regression_critical_difference.pdf  used on inpu
t line 449.
(pdftex.def)             Requested size: 252.0pt x 156.94327pt.

Underfull \hbox (badness 1596) in paragraph at lines 459--460
[]\OT1/ptm/m/n/8 B. Lak-sh-mi-narayanan, A. Pritzel, and C. Blun-dell, ``Sim-pl
e and
 []


Underfull \hbox (badness 1939) in paragraph at lines 459--460
\OT1/ptm/m/n/8 scal-able pre-dic-tive un-cer-tainty es-ti-ma-tion us-ing deep e
n-sem-bles,''
 []


Underfull \hbox (badness 10000) in paragraph at lines 459--460
\OT1/ptm/m/it/8 arXiv preprint arXiv:1612.01474\OT1/ptm/m/n/8 , 2017. [On-line]
. Avail-able:
 []


Underfull \hbox (badness 10000) in paragraph at lines 463--464
\OT1/ptm/m/n/8 Avail-able: https://www.kaggle.com/datasets/iabhishekofficial/mo
bile-
 []

[8 <./plots/breast_cancer_sasla_selection.pdf> <./plots/mobile_pricing_sasla_se
lection.pdf> <./plots/letter_recognition_sasla_selection.pdf> <./plots/boston_h
ousing_sasla_selection.pdf> <./plots/concrete_strength_sasla_selection.pdf> <./
plots/abalone_age_sasla_selection.pdf> <./plots/classification_critical_differe
nce.pdf>]
Underfull \hbox (badness 4001) in paragraph at lines 467--468
[]\OT1/ptm/m/n/8 W. Nash, T. Sell-ers, S. Tal-bot, A. Cawthorn, and W. Ford.
 []


** Conference Paper **
Before submitting the final camera ready copy, remember to:

 1. Manually equalize the lengths of two columns on the last page
 of your paper;

 2. Ensure that any PostScript and/or PDF output post-processing
 uses only Type 1 fonts and that every step in the generation
 process uses the appropriate paper size.

[9

 <./plots/regression_critical_difference.pdf>]
(./26024284RW441assignment3.aux) ) 
Here is how much of TeX's memory you used:
 5984 strings out of 480171
 102009 string characters out of 5894489
 410072 words of memory out of 5000000
 23849 multiletter control sequences out of 15000+600000
 511771 words of font info for 112 fonts, out of 8000000 for 9000
 59 hyphenation exceptions out of 8191
 55i,12n,63p,2032b,357s stack positions out of 5000i,500n,10000p,200000b,80000s
{/usr/share/texlive/texmf-dist/fonts/enc/dvip
s/base/8r.enc}</usr/share/texlive/texmf-dist/fonts/type1/public/amsfonts/cm/cmm
i10.pfb></usr/share/texlive/texmf-dist/fonts/type1/public/amsfonts/cm/cmmi12.pf
b></usr/share/texlive/texmf-dist/fonts/type1/public/amsfonts/cm/cmmi5.pfb></usr
/share/texlive/texmf-dist/fonts/type1/public/amsfonts/cm/cmmi7.pfb></usr/share/
texlive/texmf-dist/fonts/type1/public/amsfonts/cm/cmmi8.pfb></usr/share/texlive
/texmf-dist/fonts/type1/public/amsfonts/cm/cmmi9.pfb></usr/share/texlive/texmf-
dist/fonts/type1/public/amsfonts/cm/cmmib10.pfb></usr/share/texlive/texmf-dist/
fonts/type1/public/amsfonts/cm/cmr10.pfb></usr/share/texlive/texmf-dist/fonts/t
ype1/public/amsfonts/cm/cmr12.pfb></usr/share/texlive/texmf-dist/fonts/type1/pu
blic/amsfonts/cm/cmr5.pfb></usr/share/texlive/texmf-dist/fonts/type1/public/ams
fonts/cm/cmr7.pfb></usr/share/texlive/texmf-dist/fonts/type1/public/amsfonts/cm
/cmr9.pfb></usr/share/texlive/texmf-dist/fonts/type1/public/amsfonts/cm/cmsy10.
pfb></usr/share/texlive/texmf-dist/fonts/type1/public/amsfonts/cm/cmsy7.pfb></u
sr/share/texlive/texmf-dist/fonts/type1/public/amsfonts/cm/cmsy8.pfb></usr/shar
e/texlive/texmf-dist/fonts/type1/urw/courier/ucrr8a.pfb></usr/share/texlive/tex
mf-dist/fonts/type1/urw/times/utmb8a.pfb></usr/share/texlive/texmf-dist/fonts/t
ype1/urw/times/utmbi8a.pfb></usr/share/texlive/texmf-dist/fonts/type1/urw/times
/utmr8a.pfb></usr/share/texlive/texmf-dist/fonts/type1/urw/times/utmri8a.pfb>
Output written on 26024284RW441assignment3.pdf (9 pages, 456417 bytes).
PDF statistics:
 288 PDF objects out of 1000 (max. 8388607)
 196 compressed objects within 2 object streams
 0 named destinations out of 1000 (max. 500000)
 81 words of extra memory for PDF output out of 10000 (max. 10000000)

